TN:
SF:.test-dist/src/create-client.js
FN:3,createClient
FN:6,resource
FNDA:21,createClient
FNDA:21,resource
FNF:2
FNH:2
BRDA:1,0,0,2
BRDA:3,1,0,21
BRDA:4,2,0,1
BRDA:6,3,0,21
BRF:4
BRH:4
DA:1,2
DA:2,2
DA:3,2
DA:4,21
DA:5,21
DA:6,21
DA:7,21
DA:8,21
DA:9,21
DA:10,21
DA:11,21
DA:12,21
DA:13,21
DA:14,21
DA:15,21
LH:15
LF:15
end_of_record
SF:.test-dist/src/errors.js
FN:8,<instance_members_initializer>
FN:11,VerikitClientError
FNDA:8,<instance_members_initializer>
FNDA:8,VerikitClientError
FNF:2
FNH:2
BRDA:1,0,0,2
BRDA:8,1,0,8
BRDA:11,2,0,8
BRF:3
BRH:3
DA:1,2
DA:2,2
DA:3,2
DA:4,2
DA:5,2
DA:6,2
DA:7,2
DA:8,2
DA:9,8
DA:10,2
DA:11,2
DA:12,8
DA:13,8
DA:14,8
DA:15,8
DA:16,8
DA:17,8
DA:18,2
LH:18
LF:18
end_of_record
SF:.test-dist/src/request.js
FN:3,buildListQuery
FN:20,buildUrl
FN:27,resolveHeaders
FN:36,anonymous_3
FN:39,parseResponseBody
FN:54,toClientError
FN:71,sendRequest
FNDA:5,buildListQuery
FNDA:28,buildUrl
FNDA:28,resolveHeaders
FNDA:15,anonymous_3
FNDA:28,parseResponseBody
FNDA:8,toClientError
FNDA:28,sendRequest
FNF:7
FNH:7
BRDA:1,0,0,2
BRDA:3,1,0,5
BRDA:11,2,0,3
BRDA:5,3,0,1
BRDA:8,4,0,1
BRDA:14,5,0,1
BRDA:20,6,0,28
BRDA:24,7,0,5
BRDA:25,8,0,3
BRDA:25,9,0,25
BRDA:23,10,0,0
BRDA:27,11,0,28
BRDA:29,12,0,12
BRDA:32,13,0,13
BRDA:34,14,0,3
BRDA:35,15,0,2
BRDA:35,16,0,1
BRDA:36,17,0,15
BRDA:39,18,0,28
BRDA:40,19,0,2
BRDA:42,20,0,26
BRDA:46,21,0,25
BRDA:44,22,0,1
BRDA:50,23,0,1
BRDA:54,24,0,8
BRDA:63,25,0,2
BRDA:63,26,0,5
BRDA:56,27,0,2
BRDA:57,28,0,2
BRDA:57,29,0,1
BRDA:59,30,0,2
BRDA:71,31,0,28
BRDA:77,32,0,12
BRDA:77,33,0,16
BRDA:81,34,0,8
BRDA:83,35,0,20
BRF:36
BRH:35
DA:1,2
DA:2,2
DA:3,2
DA:4,5
DA:5,5
DA:6,1
DA:7,1
DA:8,5
DA:9,1
DA:10,1
DA:11,5
DA:12,3
DA:13,3
DA:14,5
DA:15,1
DA:16,1
DA:17,1
DA:18,5
DA:19,5
DA:20,28
DA:21,28
DA:22,28
DA:23,28
DA:24,28
DA:25,28
DA:26,28
DA:27,28
DA:28,28
DA:29,28
DA:30,12
DA:31,12
DA:32,28
DA:33,13
DA:34,13
DA:35,28
DA:36,28
DA:37,28
DA:38,28
DA:39,28
DA:40,28
DA:41,2
DA:42,2
DA:43,26
DA:44,28
DA:45,1
DA:46,1
DA:47,25
DA:48,25
DA:49,25
DA:50,28
DA:51,1
DA:52,1
DA:53,28
DA:54,8
DA:55,8
DA:56,8
DA:57,8
DA:58,1
DA:59,1
DA:60,2
DA:61,2
DA:62,2
DA:63,8
DA:64,8
DA:65,8
DA:66,2
DA:67,2
DA:68,2
DA:69,2
DA:70,2
DA:71,2
DA:72,28
DA:73,28
DA:74,28
DA:75,28
DA:76,28
DA:77,28
DA:78,28
DA:79,28
DA:80,28
DA:81,28
DA:82,8
DA:83,8
DA:84,20
DA:85,28
LH:85
LF:85
end_of_record
SF:.test-dist/src/resource-client.js
FN:3,createResourceClient
FN:5,run
FN:17,list
FN:30,list
FN:31,search
FN:32,find
FN:38,create
FN:45,update
FN:52,delete
FN:55,action
FNDA:21,createResourceClient
FNDA:27,run
FNDA:5,list
FNDA:3,list
FNDA:2,search
FNDA:7,find
FNDA:4,create
FNDA:2,update
FNDA:3,delete
FNDA:6,action
FNF:10
FNH:10
BRDA:1,0,0,2
BRDA:3,1,0,21
BRDA:5,2,0,27
BRDA:17,3,0,5
BRDA:30,4,0,3
BRDA:31,5,0,2
BRDA:32,6,0,7
BRDA:35,7,0,5
BRDA:38,8,0,4
BRDA:42,9,0,2
BRDA:45,10,0,2
BRDA:52,11,0,3
BRDA:53,12,0,1
BRDA:55,13,0,6
BRDA:60,14,0,3
BRDA:63,15,0,2
BRDA:69,16,0,3
BRDA:57,17,0,1
BRF:18
BRH:18
DA:1,2
DA:2,2
DA:3,2
DA:4,21
DA:5,21
DA:6,27
DA:7,27
DA:8,27
DA:9,27
DA:10,27
DA:11,27
DA:12,27
DA:13,27
DA:14,27
DA:15,27
DA:16,27
DA:17,21
DA:18,5
DA:19,5
DA:20,5
DA:21,5
DA:22,5
DA:23,5
DA:24,5
DA:25,5
DA:26,5
DA:27,5
DA:28,5
DA:29,21
DA:30,21
DA:31,21
DA:32,21
DA:33,7
DA:34,7
DA:35,7
DA:36,5
DA:37,21
DA:38,21
DA:39,4
DA:40,4
DA:41,4
DA:42,4
DA:43,2
DA:44,21
DA:45,21
DA:46,2
DA:47,2
DA:48,2
DA:49,2
DA:50,2
DA:51,21
DA:52,21
DA:53,3
DA:54,21
DA:55,21
DA:56,6
DA:57,6
DA:58,1
DA:59,1
DA:60,6
DA:61,3
DA:62,3
DA:63,6
DA:64,2
DA:65,2
DA:66,6
DA:67,6
DA:68,6
DA:69,6
DA:70,3
DA:71,21
DA:72,21
DA:73,21
LH:73
LF:73
end_of_record
