TN:
SF:.test-dist/src/columns.js
FN:9,resolveFieldColumns
FN:15,anonymous_1
FN:34,mapValuesToRow
FN:52,resolveIdColumn
FN:54,anonymous_4
FN:66,coerceId
FN:74,escapeLikeTerm
FN:75,anonymous_7
FN:83,searchCondition
FN:88,anonymous_9
FNDA:52,resolveFieldColumns
FNDA:8,anonymous_1
FNDA:47,mapValuesToRow
FNDA:22,resolveIdColumn
FNDA:79,anonymous_4
FNDA:15,coerceId
FNDA:2,escapeLikeTerm
FNDA:1,anonymous_7
FNDA:3,searchCondition
FNDA:4,anonymous_9
FNF:10
FNH:10
BRDA:1,0,0,1
BRDA:9,1,0,21
BRDA:12,2,0,52
BRDA:13,3,0,3
BRDA:13,4,0,3
BRDA:16,5,0,1
BRDA:18,6,0,2
BRDA:21,7,0,49
BRDA:23,8,0,48
BRDA:26,9,0,20
BRDA:15,10,0,8
BRDA:34,11,0,28
BRDA:36,12,0,47
BRDA:38,13,0,46
BRDA:52,14,0,22
BRDA:55,15,0,1
BRDA:57,16,0,21
BRDA:54,17,0,79
BRDA:66,18,0,15
BRDA:67,19,0,4
BRDA:69,20,0,3
BRDA:69,21,0,1
BRDA:70,22,0,11
BRDA:74,23,0,2
BRDA:75,24,0,1
BRDA:83,25,0,3
BRDA:84,26,0,1
BRDA:86,27,0,2
BRDA:88,28,0,4
BRF:29
BRH:29
DA:1,1
DA:2,1
DA:3,1
DA:4,1
DA:5,1
DA:6,1
DA:7,1
DA:8,1
DA:9,1
DA:10,21
DA:11,21
DA:12,21
DA:13,52
DA:14,3
DA:15,3
DA:16,3
DA:17,1
DA:18,1
DA:19,2
DA:20,2
DA:21,2
DA:22,49
DA:23,52
DA:24,48
DA:25,48
DA:26,52
DA:27,20
DA:28,21
DA:29,1
DA:30,1
DA:31,1
DA:32,1
DA:33,1
DA:34,1
DA:35,28
DA:36,28
DA:37,47
DA:38,47
DA:39,46
DA:40,46
DA:41,47
DA:42,28
DA:43,28
DA:44,1
DA:45,1
DA:46,1
DA:47,1
DA:48,1
DA:49,1
DA:50,1
DA:51,1
DA:52,1
DA:53,22
DA:54,22
DA:55,22
DA:56,1
DA:57,1
DA:58,21
DA:59,22
DA:60,1
DA:61,1
DA:62,1
DA:63,1
DA:64,1
DA:65,1
DA:66,1
DA:67,15
DA:68,4
DA:69,4
DA:70,4
DA:71,11
DA:72,15
DA:73,1
DA:74,2
DA:75,2
DA:76,2
DA:77,1
DA:78,1
DA:79,1
DA:80,1
DA:81,1
DA:82,1
DA:83,1
DA:84,3
DA:85,1
DA:86,1
DA:87,2
DA:88,2
DA:89,3
LH:89
LF:89
end_of_record
SF:.test-dist/src/create-drizzle-adapter.js
FN:21,createDrizzleAdapter
FN:33,anonymous_1
FN:34,anonymous_2
FN:52,selectById
FN:64,buildListQueries
FN:87,list
FN:104,anonymous_6
FN:111,anonymous_7
FN:120,find
FN:127,create
FN:132,update
FN:159,delete
FNDA:24,createDrizzleAdapter
FNDA:51,anonymous_1
FNDA:32,anonymous_2
FNDA:8,selectById
FNDA:9,buildListQueries
FNDA:10,list
FNDA:8,anonymous_6
FNDA:1,anonymous_7
FNDA:6,find
FNDA:23,create
FNDA:6,update
FNDA:3,delete
FNF:12
FNH:12
BRDA:1,0,0,1
BRDA:21,1,0,24
BRDA:23,2,0,1
BRDA:25,3,0,23
BRDA:26,4,0,1
BRDA:28,5,0,22
BRDA:33,6,0,51
BRDA:34,7,0,32
BRDA:36,8,0,1
BRDA:38,9,0,31
BRDA:45,10,0,1
BRDA:47,11,0,30
BRDA:52,12,0,8
BRDA:64,13,0,9
BRDA:69,14,0,2
BRDA:73,15,0,3
BRDA:76,16,0,1
BRDA:76,17,0,2
BRDA:87,18,0,10
BRDA:91,19,0,3
BRDA:91,20,0,1
BRDA:93,21,0,9
BRDA:95,22,0,2
BRDA:96,23,0,7
BRDA:103,24,0,8
BRDA:110,25,0,1
BRDA:104,26,0,8
BRDA:108,27,0,0
BRDA:111,28,0,1
BRDA:117,29,0,0
BRDA:120,30,0,6
BRDA:122,31,0,1
BRDA:124,32,0,5
BRDA:127,33,0,23
BRDA:132,34,0,6
BRDA:134,35,0,1
BRDA:136,36,0,5
BRDA:142,37,0,3
BRDA:144,38,0,1
BRDA:146,39,0,2
BRDA:148,40,0,2
BRDA:154,41,0,1
BRDA:159,42,0,3
BRDA:161,43,0,1
BRDA:163,44,0,2
BRF:45
BRH:43
DA:1,1
DA:2,1
DA:3,1
DA:4,1
DA:5,1
DA:6,1
DA:7,1
DA:8,1
DA:9,1
DA:10,1
DA:11,1
DA:12,1
DA:13,1
DA:14,1
DA:15,1
DA:16,1
DA:17,1
DA:18,1
DA:19,1
DA:20,1
DA:21,1
DA:22,24
DA:23,24
DA:24,1
DA:25,1
DA:26,24
DA:27,1
DA:28,1
DA:29,22
DA:30,22
DA:31,22
DA:32,22
DA:33,22
DA:34,22
DA:35,32
DA:36,32
DA:37,1
DA:38,1
DA:39,31
DA:40,31
DA:41,31
DA:42,31
DA:43,31
DA:44,31
DA:45,32
DA:46,1
DA:47,1
DA:48,30
DA:49,22
DA:50,22
DA:51,22
DA:52,22
DA:53,8
DA:54,8
DA:55,8
DA:56,8
DA:57,8
DA:58,8
DA:59,8
DA:60,22
DA:61,22
DA:62,22
DA:63,22
DA:64,22
DA:65,9
DA:66,9
DA:67,9
DA:68,9
DA:69,9
DA:70,2
DA:71,2
DA:72,2
DA:73,9
DA:74,3
DA:75,3
DA:76,3
DA:77,3
DA:78,3
DA:79,9
DA:80,9
DA:81,9
DA:82,9
DA:83,9
DA:84,9
DA:85,9
DA:86,22
DA:87,22
DA:88,10
DA:89,10
DA:90,10
DA:91,10
DA:92,1
DA:93,1
DA:94,9
DA:95,10
DA:96,10
DA:97,10
DA:98,10
DA:99,10
DA:100,10
DA:101,10
DA:102,10
DA:103,10
DA:104,8
DA:105,8
DA:106,8
DA:107,8
DA:108,8
DA:109,8
DA:110,8
DA:111,1
DA:112,1
DA:113,1
DA:114,1
DA:115,1
DA:116,1
DA:117,1
DA:118,1
DA:119,22
DA:120,22
DA:121,6
DA:122,6
DA:123,1
DA:124,1
DA:125,5
DA:126,22
DA:127,22
DA:128,23
DA:129,23
DA:130,23
DA:131,22
DA:132,22
DA:133,6
DA:134,6
DA:135,1
DA:136,1
DA:137,5
DA:138,5
DA:139,5
DA:140,5
DA:141,5
DA:142,6
DA:143,3
DA:144,3
DA:145,1
DA:146,1
DA:147,2
DA:148,2
DA:149,2
DA:150,2
DA:151,2
DA:152,2
DA:153,2
DA:154,6
DA:155,1
DA:156,1
DA:157,1
DA:158,22
DA:159,22
DA:160,3
DA:161,3
DA:162,1
DA:163,1
DA:164,2
DA:165,22
DA:166,22
DA:167,24
LH:167
LF:167
end_of_record
