TN:
SF:.test-dist/src/client/index.js
FNF:0
FNH:0
BRDA:1,0,0,8
BRF:1
BRH:1
DA:1,8
LH:1
LF:1
end_of_record
SF:.test-dist/src/client/use-verikit-client.js
FN:5,VerikitProvider
FN:9,useVerikitClient
FNDA:11,VerikitProvider
FNDA:41,useVerikitClient
FNF:2
FNH:2
BRDA:1,0,0,8
BRDA:5,1,0,11
BRDA:9,2,0,41
BRDA:11,3,0,1
BRDA:13,4,0,2
BRF:5
BRH:5
DA:1,8
DA:2,8
DA:3,8
DA:4,8
DA:5,8
DA:6,11
DA:7,11
DA:8,8
DA:9,8
DA:10,41
DA:11,41
DA:12,1
DA:13,1
DA:14,2
DA:15,41
LH:15
LF:15
end_of_record
SF:.test-dist/src/fields/field-shell.js
FN:5,FieldShell
FN:11,fieldAriaProps
FN:25,fieldId
FNDA:24,FieldShell
FNDA:25,fieldAriaProps
FNDA:25,fieldId
FNF:3
FNH:3
BRDA:1,0,0,7
BRDA:5,1,0,24
BRDA:8,2,0,4
BRDA:8,3,0,20
BRDA:6,4,0,2
BRDA:6,5,0,20
BRDA:7,6,0,1
BRDA:7,7,0,21
BRDA:8,8,0,2
BRDA:8,9,0,1
BRDA:8,10,0,2
BRDA:8,11,0,20
BRDA:8,12,0,1
BRDA:8,13,0,21
BRDA:11,14,0,25
BRDA:13,15,0,2
BRDA:13,16,0,21
BRDA:14,17,0,1
BRDA:14,18,0,22
BRDA:19,19,0,21
BRDA:20,20,0,1
BRDA:20,21,0,22
BRDA:21,22,0,2
BRDA:21,23,0,21
BRDA:25,24,0,25
BRDA:26,25,0,22
BRF:26
BRH:26
DA:1,7
DA:2,7
DA:3,7
DA:4,7
DA:5,7
DA:6,24
DA:7,24
DA:8,24
DA:9,24
DA:10,7
DA:11,7
DA:12,25
DA:13,25
DA:14,25
DA:15,25
DA:16,25
DA:17,25
DA:18,25
DA:19,25
DA:20,25
DA:21,25
DA:22,25
DA:23,25
DA:24,7
DA:25,7
DA:26,25
DA:27,25
LH:27
LF:27
end_of_record
SF:.test-dist/src/fields/index.js
FNF:0
FNH:0
BRDA:1,0,0,7
BRF:1
BRH:1
DA:1,7
DA:2,7
DA:3,7
LH:3
LF:3
end_of_record
SF:.test-dist/src/fields/inputs.js
FN:9,textValue
FN:18,dateValue
FN:30,stringList
FN:34,anonymous_3
FN:36,fieldProperty
FN:39,inputConstraints
FN:57,commonDisabled
FN:60,commonReadOnly
FN:64,TextField
FN:68,EmailField
FN:72,NumberField
FN:76,DateField
FN:80,DateTimeField
FN:83,InputField
FN:88,onChange
FN:96,TextareaField
FN:101,SelectField
FN:114,BooleanField
FN:117,onCheckedChange
FN:120,FileField
FN:124,ImageField
FN:127,UploadField
FN:98,onChange
FN:104,anonymous_23
FN:105,onValueChange
FN:111,anonymous_25
FN:130,onChange
FNDA:11,textValue
FNDA:4,dateValue
FNDA:16,stringList
FNDA:2,anonymous_3
FNDA:112,fieldProperty
FNDA:16,inputConstraints
FNDA:23,commonDisabled
FNDA:22,commonReadOnly
FNDA:4,TextField
FNDA:1,EmailField
FNDA:1,NumberField
FNDA:2,DateField
FNDA:2,DateTimeField
FNDA:10,InputField
FNDA:3,onChange
FNDA:2,TextareaField
FNDA:3,SelectField
FNDA:4,BooleanField
FNDA:2,onCheckedChange
FNDA:3,FileField
FNDA:1,ImageField
FNDA:4,UploadField
FNDA:1,onChange
FNDA:3,anonymous_23
FNDA:3,onValueChange
FNDA:3,anonymous_25
FNDA:2,onChange
FNF:27
FNH:27
BRDA:1,0,0,7
BRDA:9,1,0,11
BRDA:10,2,0,9
BRDA:10,3,0,5
BRDA:13,4,0,1
BRDA:15,5,0,4
BRDA:18,6,0,4
BRDA:19,7,0,1
BRDA:21,8,0,3
BRDA:22,9,0,1
BRDA:22,10,0,2
BRDA:23,11,0,1
BRDA:25,12,0,2
BRDA:27,13,0,1
BRDA:28,14,0,1
BRDA:30,15,0,16
BRDA:31,16,0,14
BRDA:33,17,0,1
BRDA:34,18,0,2
BRDA:36,19,0,112
BRDA:39,20,0,16
BRDA:48,21,0,2
BRDA:48,22,0,13
BRDA:49,23,0,2
BRDA:49,24,0,13
BRDA:50,25,0,1
BRDA:50,26,0,14
BRDA:51,27,0,1
BRDA:51,28,0,14
BRDA:52,29,0,1
BRDA:52,30,0,14
BRDA:53,31,0,1
BRDA:54,32,0,1
BRDA:54,33,0,14
BRDA:57,34,0,23
BRDA:58,35,0,19
BRDA:60,36,0,22
BRDA:61,37,0,17
BRDA:64,38,0,4
BRDA:68,39,0,1
BRDA:72,40,0,1
BRDA:76,41,0,2
BRDA:80,42,0,2
BRDA:83,43,0,10
BRDA:85,44,0,7
BRDA:86,45,0,4
BRDA:87,46,0,5
BRDA:88,47,0,8
BRDA:88,48,0,3
BRDA:90,49,0,1
BRDA:91,50,0,2
BRDA:92,51,0,2
BRDA:96,52,0,2
BRDA:101,53,0,3
BRDA:103,54,0,1
BRDA:111,55,0,2
BRDA:114,56,0,4
BRDA:117,57,0,2
BRDA:117,58,0,1
BRDA:120,59,0,3
BRDA:124,60,0,1
BRDA:127,61,0,4
BRDA:130,62,0,3
BRDA:135,63,0,3
BRDA:98,64,0,1
BRDA:104,65,0,3
BRDA:105,66,0,3
BRDA:106,67,0,1
BRDA:109,68,0,2
BRDA:110,69,0,1
BRDA:111,70,0,3
BRDA:130,71,0,2
BRDA:132,72,0,1
BRF:73
BRH:73
DA:1,7
DA:2,7
DA:3,7
DA:4,7
DA:5,7
DA:6,7
DA:7,7
DA:8,7
DA:9,11
DA:10,11
DA:11,5
DA:12,5
DA:13,11
DA:14,1
DA:15,1
DA:16,4
DA:17,11
DA:18,4
DA:19,4
DA:20,1
DA:21,1
DA:22,4
DA:23,4
DA:24,1
DA:25,1
DA:26,2
DA:27,4
DA:28,4
DA:29,4
DA:30,16
DA:31,16
DA:32,14
DA:33,14
DA:34,1
DA:35,16
DA:36,112
DA:37,112
DA:38,112
DA:39,16
DA:40,16
DA:41,16
DA:42,16
DA:43,16
DA:44,16
DA:45,16
DA:46,16
DA:47,16
DA:48,16
DA:49,16
DA:50,16
DA:51,16
DA:52,16
DA:53,16
DA:54,16
DA:55,16
DA:56,16
DA:57,23
DA:58,23
DA:59,23
DA:60,22
DA:61,22
DA:62,22
DA:63,7
DA:64,7
DA:65,4
DA:66,4
DA:67,7
DA:68,7
DA:69,1
DA:70,1
DA:71,7
DA:72,7
DA:73,1
DA:74,1
DA:75,7
DA:76,7
DA:77,2
DA:78,2
DA:79,7
DA:80,7
DA:81,2
DA:82,2
DA:83,10
DA:84,10
DA:85,10
DA:86,10
DA:87,10
DA:88,10
DA:89,3
DA:90,3
DA:91,3
DA:92,3
DA:93,10
DA:94,10
DA:95,7
DA:96,7
DA:97,2
DA:98,2
DA:99,2
DA:100,7
DA:101,7
DA:102,3
DA:103,3
DA:104,3
DA:105,3
DA:106,3
DA:107,1
DA:108,1
DA:109,1
DA:110,3
DA:111,3
DA:112,3
DA:113,7
DA:114,7
DA:115,4
DA:116,4
DA:117,4
DA:118,4
DA:119,7
DA:120,7
DA:121,3
DA:122,3
DA:123,7
DA:124,7
DA:125,1
DA:126,1
DA:127,4
DA:128,4
DA:129,4
DA:130,4
DA:131,2
DA:132,2
DA:133,1
DA:134,1
DA:135,4
DA:136,4
LH:136
LF:136
end_of_record
SF:.test-dist/src/fields/registry.js
FN:17,getFieldComponent
FN:27,RenderField
FNDA:13,getFieldComponent
FNDA:4,RenderField
FNF:2
FNH:2
BRDA:1,0,0,7
BRDA:17,1,0,13
BRDA:27,2,0,4
BRDA:28,3,0,1
BRF:4
BRH:4
DA:1,7
DA:2,7
DA:3,7
DA:4,7
DA:5,7
DA:6,7
DA:7,7
DA:8,7
DA:9,7
DA:10,7
DA:11,7
DA:12,7
DA:13,7
DA:14,7
DA:15,7
DA:16,7
DA:17,7
DA:18,13
DA:19,13
DA:20,7
DA:21,7
DA:22,7
DA:23,7
DA:24,7
DA:25,7
DA:26,7
DA:27,7
DA:28,4
DA:29,1
DA:30,1
DA:31,1
DA:32,1
DA:33,4
LH:33
LF:33
end_of_record
SF:.test-dist/src/form/index.js
FNF:0
FNH:0
BRDA:1,0,0,5
BRF:1
BRH:1
DA:1,5
DA:2,5
DA:3,5
DA:4,5
LH:4
LF:4
end_of_record
SF:.test-dist/src/form/schema-tree.js
FN:5,collectTreeFields
FN:29,shouldValidateTreeField
FN:41,relevantTreeFields
FN:44,treeFieldErrors
FN:58,treeFieldIssues
FN:67,applySuccessfulResults
FN:71,submitVerikitSchemaTreeForm
FN:108,inferAndValidateSchemaTree
FN:115,submitVerikitSchemaTreeActionForm
FN:6,anonymous_9
FN:17,anonymous_10
FN:19,anonymous_11
FN:24,anonymous_12
FN:42,anonymous_13
FN:53,anonymous_14
FN:59,anonymous_15
FN:61,anonymous_16
FN:68,anonymous_17
FN:73,anonymous_18
FN:78,anonymous_19
FN:87,anonymous_20
FN:91,anonymous_21
FNDA:67,collectTreeFields
FNDA:64,shouldValidateTreeField
FNDA:12,relevantTreeFields
FNDA:32,treeFieldErrors
FNDA:5,treeFieldIssues
FNDA:18,applySuccessfulResults
FNDA:12,submitVerikitSchemaTreeForm
FNDA:2,inferAndValidateSchemaTree
FNDA:3,submitVerikitSchemaTreeActionForm
FNDA:121,anonymous_9
FNDA:14,anonymous_10
FNDA:14,anonymous_11
FNDA:8,anonymous_12
FNDA:64,anonymous_13
FNDA:16,anonymous_14
FNDA:32,anonymous_15
FNDA:16,anonymous_16
FNDA:84,anonymous_17
FNDA:63,anonymous_18
FNDA:63,anonymous_19
FNDA:53,anonymous_20
FNDA:42,anonymous_21
FNF:22
FNH:22
BRDA:1,0,0,5
BRDA:5,1,0,67
BRDA:29,2,0,64
BRDA:37,3,0,48
BRDA:38,4,0,16
BRDA:41,5,0,12
BRDA:44,6,0,5
BRDA:46,7,0,32
BRDA:47,8,0,16
BRDA:52,9,0,15
BRDA:58,10,0,5
BRDA:67,11,0,18
BRDA:71,12,0,12
BRDA:78,13,0,1
BRDA:85,14,0,11
BRDA:91,15,0,4
BRDA:98,16,0,7
BRDA:103,17,0,2
BRDA:103,18,0,7
BRDA:108,19,0,2
BRDA:111,20,0,1
BRDA:112,21,0,1
BRDA:115,22,0,3
BRDA:120,23,0,2
BRDA:121,24,0,2
BRDA:122,25,0,1
BRDA:6,26,0,121
BRDA:8,27,0,64
BRDA:10,28,0,7
BRDA:11,29,0,14
BRDA:13,30,0,12
BRDA:14,31,0,19
BRDA:16,32,0,7
BRDA:18,33,0,7
BRDA:20,34,0,10
BRDA:23,35,0,8
BRDA:23,36,0,2
BRDA:17,37,0,14
BRDA:19,38,0,14
BRDA:24,39,0,8
BRDA:42,40,0,64
BRDA:53,41,0,16
BRDA:59,42,0,32
BRDA:60,43,0,16
BRDA:61,44,0,16
BRDA:61,45,0,16
BRDA:68,46,0,84
BRDA:73,47,0,63
BRDA:78,48,0,63
BRDA:87,49,0,53
BRDA:91,50,0,42
BRF:51
BRH:51
DA:1,5
DA:2,5
DA:3,5
DA:4,5
DA:5,67
DA:6,67
DA:7,121
DA:8,121
DA:9,64
DA:10,121
DA:11,121
DA:12,14
DA:13,121
DA:14,121
DA:15,19
DA:16,121
DA:17,7
DA:18,121
DA:19,7
DA:20,121
DA:21,10
DA:22,10
DA:23,10
DA:24,10
DA:25,10
DA:26,121
DA:27,67
DA:28,67
DA:29,64
DA:30,64
DA:31,64
DA:32,64
DA:33,64
DA:34,64
DA:35,64
DA:36,64
DA:37,64
DA:38,64
DA:39,64
DA:40,64
DA:41,12
DA:42,12
DA:43,12
DA:44,5
DA:45,5
DA:46,5
DA:47,32
DA:48,16
DA:49,16
DA:50,16
DA:51,16
DA:52,32
DA:53,32
DA:54,32
DA:55,32
DA:56,5
DA:57,5
DA:58,5
DA:59,5
DA:60,32
DA:61,32
DA:62,16
DA:63,16
DA:64,5
DA:65,5
DA:66,5
DA:67,18
DA:68,18
DA:69,18
DA:70,5
DA:71,5
DA:72,12
DA:73,12
DA:74,63
DA:75,63
DA:76,63
DA:77,12
DA:78,12
DA:79,1
DA:80,1
DA:81,1
DA:82,1
DA:83,1
DA:84,1
DA:85,1
DA:86,11
DA:87,11
DA:88,53
DA:89,53
DA:90,11
DA:91,12
DA:92,4
DA:93,4
DA:94,4
DA:95,4
DA:96,4
DA:97,4
DA:98,4
DA:99,7
DA:100,7
DA:101,7
DA:102,7
DA:103,12
DA:104,7
DA:105,7
DA:106,12
DA:107,5
DA:108,5
DA:109,2
DA:110,2
DA:111,2
DA:112,2
DA:113,2
DA:114,5
DA:115,5
DA:116,3
DA:117,3
DA:118,3
DA:119,3
DA:120,3
DA:121,3
DA:122,3
DA:123,3
DA:124,3
LH:124
LF:124
end_of_record
SF:.test-dist/src/form/submission.js
FN:4,validationIssuesToFieldErrors
FN:16,firstFieldError
FN:20,firstFieldErrors
FN:21,anonymous_3
FN:24,omitFieldError
FN:29,inferAndValidateResource
FN:37,submitVerikitResourceForm
FN:64,submitVerikitActionForm
FN:67,anonymous_8
FNDA:11,validationIssuesToFieldErrors
FNDA:8,firstFieldError
FNDA:11,firstFieldErrors
FNDA:5,anonymous_3
FNDA:6,omitFieldError
FNDA:2,inferAndValidateResource
FNDA:6,submitVerikitResourceForm
FNDA:7,submitVerikitActionForm
FNDA:12,anonymous_8
FNF:9
FNH:9
BRDA:1,0,0,5
BRDA:4,1,0,7
BRDA:6,2,0,11
BRDA:8,3,0,2
BRDA:9,4,0,10
BRDA:10,5,0,1
BRDA:11,6,0,10
BRDA:16,7,0,8
BRDA:17,8,0,1
BRDA:20,9,0,11
BRDA:21,10,0,5
BRDA:24,11,0,6
BRDA:29,12,0,2
BRDA:31,13,0,1
BRDA:37,14,0,6
BRDA:39,15,0,1
BRDA:46,16,0,5
BRDA:48,17,0,1
BRDA:55,18,0,4
BRDA:59,19,0,3
BRDA:59,20,0,4
BRDA:64,21,0,7
BRDA:67,22,0,6
BRDA:71,23,0,1
BRDA:73,24,0,1
BRDA:80,25,0,6
BRDA:87,26,0,3
BRDA:88,27,0,3
BRDA:89,28,0,3
BRDA:67,29,0,12
BRF:30
BRH:30
DA:1,5
DA:2,5
DA:3,5
DA:4,5
DA:5,7
DA:6,7
DA:7,11
DA:8,11
DA:9,11
DA:10,11
DA:11,11
DA:12,11
DA:13,7
DA:14,7
DA:15,5
DA:16,5
DA:17,8
DA:18,8
DA:19,5
DA:20,5
DA:21,11
DA:22,11
DA:23,5
DA:24,5
DA:25,6
DA:26,6
DA:27,6
DA:28,5
DA:29,5
DA:30,2
DA:31,2
DA:32,1
DA:33,1
DA:34,1
DA:35,2
DA:36,5
DA:37,5
DA:38,6
DA:39,6
DA:40,1
DA:41,1
DA:42,1
DA:43,1
DA:44,1
DA:45,1
DA:46,1
DA:47,5
DA:48,6
DA:49,1
DA:50,1
DA:51,1
DA:52,1
DA:53,1
DA:54,1
DA:55,1
DA:56,4
DA:57,4
DA:58,4
DA:59,6
DA:60,4
DA:61,4
DA:62,6
DA:63,5
DA:64,5
DA:65,7
DA:66,7
DA:67,7
DA:68,12
DA:69,12
DA:70,6
DA:71,7
DA:72,7
DA:73,7
DA:74,1
DA:75,1
DA:76,1
DA:77,1
DA:78,1
DA:79,1
DA:80,1
DA:81,6
DA:82,6
DA:83,6
DA:84,6
DA:85,6
DA:86,6
DA:87,7
DA:88,7
DA:89,7
DA:90,7
DA:91,7
LH:91
LF:91
end_of_record
SF:.test-dist/src/form/use-verikit-form.js
FN:5,isResource
FN:8,isResourceSchema
FN:12,resolveVerikitFields
FN:22,useVerikitForm
FN:23,anonymous_4
FN:27,onSubmit
FN:31,anonymous_6
FN:40,anonymous_7
FN:48,anonymous_8
FN:49,anonymous_9
FN:59,onBlur
FN:62,onValueChange
FN:68,anonymous_12
FN:77,clearFieldErrors
FNDA:12,isResource
FNDA:4,isResourceSchema
FNDA:5,resolveVerikitFields
FNDA:4,useVerikitForm
FNDA:2,anonymous_4
FNDA:1,onSubmit
FNDA:2,anonymous_6
FNDA:1,anonymous_7
FNDA:5,anonymous_8
FNDA:5,anonymous_9
FNDA:1,onBlur
FNDA:3,onValueChange
FNDA:2,anonymous_12
FNDA:1,clearFieldErrors
FNF:14
FNH:14
BRDA:1,0,0,5
BRDA:5,1,0,12
BRDA:8,2,0,4
BRDA:12,3,0,5
BRDA:13,4,0,1
BRDA:15,5,0,3
BRDA:16,6,0,1
BRDA:18,7,0,2
BRDA:22,8,0,4
BRDA:23,9,0,2
BRDA:27,10,0,1
BRDA:31,11,0,2
BRDA:40,12,0,1
BRDA:48,13,0,5
BRDA:49,14,0,5
BRDA:51,15,0,1
BRDA:53,16,0,2
BRDA:59,17,0,1
BRDA:62,18,0,3
BRDA:68,19,0,2
BRDA:77,20,0,1
BRF:21
BRH:21
DA:1,5
DA:2,5
DA:3,5
DA:4,5
DA:5,5
DA:6,12
DA:7,12
DA:8,4
DA:9,4
DA:10,4
DA:11,5
DA:12,5
DA:13,5
DA:14,1
DA:15,1
DA:16,5
DA:17,1
DA:18,1
DA:19,2
DA:20,5
DA:21,5
DA:22,5
DA:23,4
DA:24,4
DA:25,4
DA:26,4
DA:27,4
DA:28,1
DA:29,4
DA:30,4
DA:31,4
DA:32,2
DA:33,2
DA:34,2
DA:35,2
DA:36,2
DA:37,2
DA:38,2
DA:39,4
DA:40,4
DA:41,1
DA:42,1
DA:43,1
DA:44,1
DA:45,1
DA:46,1
DA:47,4
DA:48,4
DA:49,4
DA:50,5
DA:51,5
DA:52,1
DA:53,1
DA:54,2
DA:55,2
DA:56,2
DA:57,2
DA:58,2
DA:59,2
DA:60,1
DA:61,2
DA:62,2
DA:63,3
DA:64,3
DA:65,3
DA:66,3
DA:67,3
DA:68,3
DA:69,2
DA:70,2
DA:71,4
DA:72,4
DA:73,4
DA:74,4
DA:75,4
DA:76,4
DA:77,4
DA:78,4
DA:79,4
DA:80,4
DA:81,4
DA:82,4
DA:83,4
LH:83
LF:83
end_of_record
SF:.test-dist/src/form/use-verikit-schema-tree-form.js
FN:7,resolveVerikitTree
FN:11,useVerikitSchemaTreeForm
FN:12,anonymous_2
FN:22,onSubmit
FN:26,anonymous_4
FN:35,anonymous_5
FN:40,anonymous_6
FN:41,anonymous_7
FN:48,anonymous_8
FN:50,anonymous_9
FN:53,anonymous_10
FN:56,anonymous_11
FN:64,anonymous_12
FN:76,anonymous_13
FN:82,clearFieldErrors
FN:54,anonymous_15
FN:57,anonymous_16
FN:58,anonymous_17
FNDA:7,resolveVerikitTree
FNDA:9,useVerikitSchemaTreeForm
FNDA:7,anonymous_2
FNDA:1,onSubmit
FNDA:2,anonymous_4
FNDA:1,anonymous_5
FNDA:1,anonymous_6
FNDA:3,anonymous_7
FNDA:2,anonymous_8
FNDA:1,anonymous_9
FNDA:2,anonymous_10
FNDA:3,anonymous_11
FNDA:5,anonymous_12
FNDA:9,anonymous_13
FNDA:1,clearFieldErrors
FNDA:2,anonymous_15
FNDA:3,anonymous_16
FNDA:5,anonymous_17
FNF:18
FNH:18
BRDA:1,0,0,5
BRDA:7,1,0,7
BRDA:8,2,0,5
BRDA:8,3,0,1
BRDA:11,4,0,9
BRDA:12,5,0,7
BRDA:22,6,0,1
BRDA:26,7,0,2
BRDA:35,8,0,1
BRDA:40,9,0,1
BRDA:41,10,0,3
BRDA:48,11,0,2
BRDA:50,12,0,1
BRDA:53,13,0,2
BRDA:56,14,0,3
BRDA:62,15,0,1
BRDA:64,16,0,5
BRDA:67,17,0,1
BRDA:71,18,0,3
BRDA:76,19,0,9
BRDA:82,20,0,1
BRDA:54,21,0,2
BRDA:54,22,0,1
BRDA:54,23,0,1
BRDA:57,24,0,3
BRDA:58,25,0,2
BRDA:59,26,0,1
BRDA:58,27,0,5
BRF:28
BRH:28
DA:1,5
DA:2,5
DA:3,5
DA:4,5
DA:5,5
DA:6,5
DA:7,7
DA:8,7
DA:9,7
DA:10,5
DA:11,5
DA:12,9
DA:13,9
DA:14,9
DA:15,9
DA:16,9
DA:17,9
DA:18,9
DA:19,9
DA:20,9
DA:21,9
DA:22,9
DA:23,1
DA:24,9
DA:25,9
DA:26,9
DA:27,2
DA:28,2
DA:29,2
DA:30,2
DA:31,2
DA:32,2
DA:33,2
DA:34,9
DA:35,9
DA:36,1
DA:37,1
DA:38,1
DA:39,9
DA:40,9
DA:41,9
DA:42,3
DA:43,3
DA:44,3
DA:45,3
DA:46,3
DA:47,3
DA:48,3
DA:49,9
DA:50,9
DA:51,1
DA:52,9
DA:53,9
DA:54,2
DA:55,9
DA:56,9
DA:57,3
DA:58,3
DA:59,3
DA:60,3
DA:61,3
DA:62,3
DA:63,9
DA:64,9
DA:65,5
DA:66,5
DA:67,5
DA:68,1
DA:69,1
DA:70,1
DA:71,5
DA:72,3
DA:73,3
DA:74,5
DA:75,9
DA:76,9
DA:77,9
DA:78,9
DA:79,9
DA:80,9
DA:81,9
DA:82,9
DA:83,9
DA:84,9
DA:85,9
DA:86,9
DA:87,9
DA:88,9
DA:89,9
DA:90,9
DA:91,9
DA:92,9
DA:93,9
DA:94,9
DA:95,9
DA:96,9
DA:97,9
LH:97
LF:97
end_of_record
SF:.test-dist/src/index.js
FNF:0
FNH:0
BRDA:1,0,0,5
BRF:1
BRH:1
DA:1,5
DA:2,5
DA:3,5
DA:4,5
DA:5,5
DA:6,5
LH:6
LF:6
end_of_record
SF:.test-dist/src/layout/index.js
FNF:0
FNH:0
BRDA:1,0,0,6
BRF:1
BRH:1
DA:1,6
DA:2,6
LH:2
LF:2
end_of_record
SF:.test-dist/src/layout/path.js
FN:2,getValueAtPath
FN:3,anonymous_1
FN:16,hasValueAtPath
FN:30,pathKey
FN:34,setValueAtPath
FNDA:206,getValueAtPath
FNDA:243,anonymous_1
FNDA:71,hasValueAtPath
FNDA:40,pathKey
FNDA:222,setValueAtPath
FNF:5
FNH:5
BRDA:1,0,0,6
BRDA:2,1,0,206
BRDA:3,2,0,243
BRDA:4,3,0,24
BRDA:4,4,0,3
BRDA:6,5,0,22
BRDA:16,6,0,71
BRDA:17,7,0,1
BRDA:19,8,0,6
BRDA:22,9,0,5
BRDA:22,10,0,2
BRDA:24,11,0,4
BRDA:26,12,0,2
BRDA:27,13,0,2
BRDA:30,14,0,40
BRDA:34,15,0,222
BRDA:35,16,0,87
BRDA:37,17,0,135
BRDA:40,18,0,24
BRDA:41,19,0,1
BRDA:42,20,0,1
BRDA:43,21,0,111
BRDA:43,22,0,3
BRDA:44,23,0,3
BRDA:45,24,0,2
BRF:25
BRH:25
DA:1,6
DA:2,6
DA:3,206
DA:4,243
DA:5,3
DA:6,3
DA:7,22
DA:8,206
DA:9,206
DA:10,6
DA:11,6
DA:12,6
DA:13,6
DA:14,6
DA:15,6
DA:16,6
DA:17,71
DA:18,1
DA:19,1
DA:20,6
DA:21,6
DA:22,71
DA:23,2
DA:24,2
DA:25,4
DA:26,71
DA:27,71
DA:28,71
DA:29,6
DA:30,6
DA:31,40
DA:32,40
DA:33,6
DA:34,6
DA:35,222
DA:36,87
DA:37,87
DA:38,135
DA:39,135
DA:40,222
DA:41,24
DA:42,24
DA:43,222
DA:44,111
DA:45,222
DA:46,222
DA:47,222
DA:48,222
LH:48
LF:48
end_of_record
SF:.test-dist/src/layout/render-schema-node.js
FN:6,actionSchemaFor
FN:13,actionInputNodes
FN:16,anonymous_2
FN:24,schemaNodeKey
FN:29,clampIndex
FN:35,schemaRenderProps
FN:39,renderFieldNode
FN:41,onValueChange
FN:41,onBlur
FN:43,renderSectionNode
FN:46,renderGridNode
FN:49,renderTabsNode
FN:52,anonymous_12
FN:52,onClick
FN:54,renderWizardNode
FN:58,anonymous_15
FN:58,onClick
FN:58,onClick
FN:69,renderRepeaterNode
FN:73,anonymous_19
FN:73,onClick
FN:73,onClick
FN:75,renderActionNode
FN:79,onClick
FN:82,RenderSchemaNode
FN:105,RenderSchemaTree
FN:106,anonymous_26
FNDA:10,actionSchemaFor
FNDA:5,actionInputNodes
FNDA:2,anonymous_2
FNDA:6,schemaNodeKey
FNDA:6,clampIndex
FNDA:16,schemaRenderProps
FNDA:4,renderFieldNode
FNDA:1,onValueChange
FNDA:1,onBlur
FNDA:2,renderSectionNode
FNDA:1,renderGridNode
FNDA:3,renderTabsNode
FNDA:3,anonymous_12
FNDA:1,onClick
FNDA:3,renderWizardNode
FNDA:4,anonymous_15
FNDA:1,onClick
FNDA:1,onClick
FNDA:4,renderRepeaterNode
FNDA:6,anonymous_19
FNDA:1,onClick
FNDA:1,onClick
FNDA:5,renderActionNode
FNDA:1,onClick
FNDA:24,RenderSchemaNode
FNDA:3,RenderSchemaTree
FNDA:6,anonymous_26
FNF:27
FNH:27
BRDA:1,0,0,6
BRDA:6,1,0,10
BRDA:7,2,0,6
BRDA:8,3,0,4
BRDA:10,4,0,6
BRDA:11,5,0,4
BRDA:11,6,0,2
BRDA:13,7,0,5
BRDA:15,8,0,3
BRDA:15,9,0,2
BRDA:21,10,0,3
BRDA:16,11,0,2
BRDA:24,12,0,6
BRDA:25,13,0,3
BRDA:26,14,0,3
BRDA:27,15,0,3
BRDA:29,16,0,6
BRDA:30,17,0,2
BRDA:32,18,0,4
BRDA:35,19,0,16
BRDA:39,20,0,4
BRDA:41,21,0,1
BRDA:41,22,0,1
BRDA:41,23,0,1
BRDA:43,24,0,2
BRDA:46,25,0,1
BRDA:49,26,0,3
BRDA:50,27,0,1
BRDA:52,28,0,2
BRDA:52,29,0,1
BRDA:52,30,0,3
BRDA:52,31,0,2
BRDA:52,32,0,1
BRDA:52,33,0,1
BRDA:54,34,0,3
BRDA:56,35,0,1
BRDA:58,36,0,2
BRDA:58,37,0,1
BRDA:58,38,0,4
BRDA:58,39,0,2
BRDA:58,40,0,2
BRDA:58,41,0,2
BRDA:58,42,0,1
BRDA:58,43,0,1
BRDA:69,44,0,4
BRDA:72,45,0,3
BRDA:72,46,0,1
BRDA:73,47,0,6
BRDA:73,48,0,2
BRDA:73,49,0,4
BRDA:73,50,0,1
BRDA:73,51,0,1
BRDA:75,52,0,5
BRDA:79,53,0,3
BRDA:79,54,0,2
BRDA:79,55,0,3
BRDA:79,56,0,2
BRDA:79,57,0,1
BRDA:79,58,0,1
BRDA:82,59,0,24
BRDA:84,60,0,18
BRDA:86,61,0,4
BRDA:88,62,0,2
BRDA:89,63,0,1
BRDA:89,64,0,1
BRDA:90,65,0,2
BRDA:92,66,0,1
BRDA:94,67,0,3
BRDA:96,68,0,3
BRDA:98,69,0,4
BRDA:100,70,0,5
BRDA:105,71,0,3
BRDA:106,72,0,6
BRF:73
BRH:73
DA:1,6
DA:2,6
DA:3,6
DA:4,6
DA:5,6
DA:6,10
DA:7,10
DA:8,10
DA:9,4
DA:10,4
DA:11,10
DA:12,10
DA:13,5
DA:14,5
DA:15,5
DA:16,2
DA:17,2
DA:18,2
DA:19,2
DA:20,2
DA:21,2
DA:22,3
DA:23,5
DA:24,6
DA:25,6
DA:26,6
DA:27,6
DA:28,6
DA:29,6
DA:30,6
DA:31,2
DA:32,2
DA:33,4
DA:34,6
DA:35,16
DA:36,16
DA:37,16
DA:38,16
DA:39,4
DA:40,4
DA:41,4
DA:42,4
DA:43,2
DA:44,2
DA:45,2
DA:46,1
DA:47,1
DA:48,1
DA:49,3
DA:50,3
DA:51,3
DA:52,3
DA:53,3
DA:54,3
DA:55,3
DA:56,3
DA:57,3
DA:58,3
DA:59,3
DA:60,6
DA:61,6
DA:62,6
DA:63,6
DA:64,6
DA:65,6
DA:66,6
DA:67,6
DA:68,6
DA:69,4
DA:70,4
DA:71,4
DA:72,4
DA:73,4
DA:74,4
DA:75,5
DA:76,5
DA:77,5
DA:78,5
DA:79,5
DA:80,5
DA:81,6
DA:82,6
DA:83,24
DA:84,24
DA:85,24
DA:86,24
DA:87,4
DA:88,24
DA:89,2
DA:90,24
DA:91,2
DA:92,24
DA:93,1
DA:94,24
DA:95,3
DA:96,24
DA:97,3
DA:98,24
DA:99,4
DA:100,24
DA:101,5
DA:102,24
DA:103,24
DA:104,6
DA:105,6
DA:106,3
DA:107,3
LH:107
LF:107
end_of_record
SF:.test-dist/src/lib/utils.js
FN:4,cn
FNDA:1,cn
FNF:1
FNH:1
BRDA:1,0,0,5
BRDA:4,1,0,1
BRF:2
BRH:2
DA:1,5
DA:2,5
DA:3,5
DA:4,5
DA:5,1
DA:6,1
LH:6
LF:6
end_of_record
SF:.test-dist/src/query/index.js
FNF:0
FNH:0
BRDA:1,0,0,7
BRF:1
BRH:1
DA:1,7
DA:2,7
LH:2
LF:2
end_of_record
SF:.test-dist/src/query/query-keys.js
FN:6,resourceQueryKeys
FN:9,list
FN:10,find
FNDA:38,resourceQueryKeys
FNDA:17,list
FNDA:11,find
FNF:3
FNH:3
BRDA:1,0,0,7
BRDA:6,1,0,38
BRDA:9,2,0,17
BRDA:10,3,0,11
BRF:4
BRH:4
DA:1,7
DA:2,7
DA:3,7
DA:4,7
DA:5,7
DA:6,7
DA:7,38
DA:8,38
DA:9,38
DA:10,38
DA:11,38
DA:12,38
LH:12
LF:12
end_of_record
SF:.test-dist/src/query/use-resource-mutations.js
FN:5,useCreateResource
FN:19,useUpdateResource
FN:39,useDeleteResource
FN:54,useActionResource
FN:11,mutationFn
FN:12,onSuccess
FN:25,mutationFn
FN:28,onSuccess
FN:45,mutationFn
FN:46,onSuccess
FN:60,mutationFn
FN:61,onSuccess
FNDA:3,useCreateResource
FNDA:3,useUpdateResource
FNDA:3,useDeleteResource
FNDA:2,useActionResource
FNDA:1,mutationFn
FNDA:1,onSuccess
FNDA:1,mutationFn
FNDA:1,onSuccess
FNDA:1,mutationFn
FNDA:1,onSuccess
FNDA:1,mutationFn
FNDA:1,onSuccess
FNF:12
FNH:12
BRDA:1,0,0,7
BRDA:5,1,0,3
BRDA:19,2,0,3
BRDA:39,3,0,3
BRDA:54,4,0,2
BRDA:11,5,0,1
BRDA:12,6,0,1
BRDA:14,7,0,0
BRDA:25,8,0,1
BRDA:28,9,0,1
BRDA:30,10,0,0
BRDA:45,11,0,1
BRDA:46,12,0,1
BRDA:49,13,0,0
BRDA:60,14,0,1
BRDA:61,15,0,1
BRDA:63,16,0,0
BRF:17
BRH:13
DA:1,7
DA:2,7
DA:3,7
DA:4,7
DA:5,7
DA:6,3
DA:7,3
DA:8,3
DA:9,3
DA:10,3
DA:11,3
DA:12,3
DA:13,1
DA:14,1
DA:15,3
DA:16,3
DA:17,3
DA:18,7
DA:19,7
DA:20,3
DA:21,3
DA:22,3
DA:23,3
DA:24,3
DA:25,3
DA:26,3
DA:27,3
DA:28,3
DA:29,1
DA:30,1
DA:31,3
DA:32,3
DA:33,3
DA:34,7
DA:35,7
DA:36,7
DA:37,7
DA:38,7
DA:39,7
DA:40,3
DA:41,3
DA:42,3
DA:43,3
DA:44,3
DA:45,3
DA:46,3
DA:47,1
DA:48,1
DA:49,1
DA:50,3
DA:51,3
DA:52,3
DA:53,7
DA:54,7
DA:55,2
DA:56,2
DA:57,2
DA:58,2
DA:59,2
DA:60,2
DA:61,2
DA:62,1
DA:63,1
DA:64,2
DA:65,2
DA:66,2
LH:66
LF:66
end_of_record
SF:.test-dist/src/query/use-resource-queries.js
FN:5,useListResource
FN:14,useResourceFind
FN:9,queryFn
FN:18,queryFn
FNDA:17,useListResource
FNDA:10,useResourceFind
FNDA:11,queryFn
FNDA:7,queryFn
FNF:4
FNH:4
BRDA:1,0,0,7
BRDA:5,1,0,17
BRDA:14,2,0,10
BRDA:9,3,0,11
BRDA:18,4,0,7
BRF:5
BRH:5
DA:1,7
DA:2,7
DA:3,7
DA:4,7
DA:5,7
DA:6,17
DA:7,17
DA:8,17
DA:9,17
DA:10,17
DA:11,17
DA:12,17
DA:13,7
DA:14,7
DA:15,10
DA:16,10
DA:17,10
DA:18,10
DA:19,10
DA:20,10
DA:21,10
LH:21
LF:21
end_of_record
