TN:
SF:.test-dist/src/client/index.js
FNF:0
FNH:0
BRDA:1,0,0,4
BRF:1
BRH:1
DA:1,4
LH:1
LF:1
end_of_record
SF:.test-dist/src/client/use-verikit-client.js
FN:5,VerikitProvider
FN:9,useVerikitClient
FNDA:3,VerikitProvider
FNDA:3,useVerikitClient
FNF:2
FNH:2
BRDA:1,0,0,4
BRDA:5,1,0,3
BRDA:9,2,0,3
BRDA:11,3,0,1
BRDA:13,4,0,2
BRF:5
BRH:5
DA:1,4
DA:2,4
DA:3,4
DA:4,4
DA:5,4
DA:6,3
DA:7,3
DA:8,4
DA:9,4
DA:10,3
DA:11,3
DA:12,1
DA:13,1
DA:14,2
DA:15,3
LH:15
LF:15
end_of_record
SF:.test-dist/src/fields/field-shell.js
FN:5,FieldShell
FN:11,fieldAriaProps
FN:25,fieldId
FNDA:24,FieldShell
FNDA:25,fieldAriaProps
FNDA:25,fieldId
FNF:3
FNH:3
BRDA:1,0,0,5
BRDA:5,1,0,24
BRDA:8,2,0,4
BRDA:8,3,0,20
BRDA:6,4,0,2
BRDA:6,5,0,20
BRDA:7,6,0,1
BRDA:7,7,0,21
BRDA:8,8,0,2
BRDA:8,9,0,1
BRDA:8,10,0,2
BRDA:8,11,0,20
BRDA:8,12,0,1
BRDA:8,13,0,21
BRDA:11,14,0,25
BRDA:13,15,0,2
BRDA:13,16,0,21
BRDA:14,17,0,1
BRDA:14,18,0,22
BRDA:19,19,0,21
BRDA:20,20,0,1
BRDA:20,21,0,22
BRDA:21,22,0,2
BRDA:21,23,0,21
BRDA:25,24,0,25
BRDA:26,25,0,22
BRF:26
BRH:26
DA:1,5
DA:2,5
DA:3,5
DA:4,5
DA:5,5
DA:6,24
DA:7,24
DA:8,24
DA:9,24
DA:10,5
DA:11,5
DA:12,25
DA:13,25
DA:14,25
DA:15,25
DA:16,25
DA:17,25
DA:18,25
DA:19,25
DA:20,25
DA:21,25
DA:22,25
DA:23,25
DA:24,5
DA:25,5
DA:26,25
DA:27,25
LH:27
LF:27
end_of_record
SF:.test-dist/src/fields/index.js
FNF:0
FNH:0
BRDA:1,0,0,5
BRF:1
BRH:1
DA:1,5
DA:2,5
DA:3,5
LH:3
LF:3
end_of_record
SF:.test-dist/src/fields/inputs.js
FN:9,textValue
FN:18,dateValue
FN:30,stringList
FN:36,fieldProperty
FN:39,inputConstraints
FN:57,commonDisabled
FN:60,commonReadOnly
FN:64,TextField
FN:68,EmailField
FN:72,NumberField
FN:76,DateField
FN:80,DateTimeField
FN:83,InputField
FN:96,TextareaField
FN:101,SelectField
FN:114,BooleanField
FN:120,FileField
FN:124,ImageField
FN:127,UploadField
FN:34,anonymous_19
FN:88,onChange
FN:117,onCheckedChange
FN:98,onChange
FN:104,anonymous_23
FN:105,onValueChange
FN:111,anonymous_25
FN:130,onChange
FNDA:11,textValue
FNDA:4,dateValue
FNDA:16,stringList
FNDA:112,fieldProperty
FNDA:16,inputConstraints
FNDA:23,commonDisabled
FNDA:22,commonReadOnly
FNDA:4,TextField
FNDA:1,EmailField
FNDA:1,NumberField
FNDA:2,DateField
FNDA:2,DateTimeField
FNDA:10,InputField
FNDA:2,TextareaField
FNDA:3,SelectField
FNDA:4,BooleanField
FNDA:3,FileField
FNDA:1,ImageField
FNDA:4,UploadField
FNDA:2,anonymous_19
FNDA:3,onChange
FNDA:2,onCheckedChange
FNDA:1,onChange
FNDA:3,anonymous_23
FNDA:3,onValueChange
FNDA:3,anonymous_25
FNDA:2,onChange
FNF:27
FNH:27
BRDA:1,0,0,5
BRDA:9,1,0,11
BRDA:10,2,0,9
BRDA:10,3,0,5
BRDA:13,4,0,1
BRDA:15,5,0,4
BRDA:18,6,0,4
BRDA:19,7,0,1
BRDA:21,8,0,3
BRDA:22,9,0,1
BRDA:22,10,0,2
BRDA:23,11,0,1
BRDA:25,12,0,2
BRDA:27,13,0,1
BRDA:28,14,0,1
BRDA:30,15,0,16
BRDA:31,16,0,14
BRDA:33,17,0,1
BRDA:36,18,0,112
BRDA:39,19,0,16
BRDA:48,20,0,2
BRDA:48,21,0,13
BRDA:49,22,0,2
BRDA:49,23,0,13
BRDA:50,24,0,1
BRDA:50,25,0,14
BRDA:51,26,0,1
BRDA:51,27,0,14
BRDA:52,28,0,1
BRDA:52,29,0,14
BRDA:53,30,0,1
BRDA:54,31,0,1
BRDA:54,32,0,14
BRDA:57,33,0,23
BRDA:58,34,0,19
BRDA:60,35,0,22
BRDA:61,36,0,17
BRDA:64,37,0,4
BRDA:68,38,0,1
BRDA:72,39,0,1
BRDA:76,40,0,2
BRDA:80,41,0,2
BRDA:83,42,0,10
BRDA:85,43,0,7
BRDA:86,44,0,4
BRDA:87,45,0,5
BRDA:88,46,0,8
BRDA:96,47,0,2
BRDA:101,48,0,3
BRDA:103,49,0,1
BRDA:111,50,0,2
BRDA:114,51,0,4
BRDA:120,52,0,3
BRDA:124,53,0,1
BRDA:127,54,0,4
BRDA:130,55,0,3
BRDA:135,56,0,3
BRDA:34,57,0,2
BRDA:88,58,0,3
BRDA:90,59,0,1
BRDA:91,60,0,2
BRDA:92,61,0,2
BRDA:117,62,0,2
BRDA:117,63,0,1
BRDA:98,64,0,1
BRDA:104,65,0,3
BRDA:105,66,0,3
BRDA:106,67,0,1
BRDA:109,68,0,2
BRDA:110,69,0,1
BRDA:111,70,0,3
BRDA:130,71,0,2
BRDA:132,72,0,1
BRF:73
BRH:73
DA:1,5
DA:2,5
DA:3,5
DA:4,5
DA:5,5
DA:6,5
DA:7,5
DA:8,5
DA:9,11
DA:10,11
DA:11,5
DA:12,5
DA:13,11
DA:14,1
DA:15,1
DA:16,4
DA:17,11
DA:18,4
DA:19,4
DA:20,1
DA:21,1
DA:22,4
DA:23,4
DA:24,1
DA:25,1
DA:26,2
DA:27,4
DA:28,4
DA:29,4
DA:30,16
DA:31,16
DA:32,14
DA:33,14
DA:34,1
DA:35,16
DA:36,112
DA:37,112
DA:38,112
DA:39,16
DA:40,16
DA:41,16
DA:42,16
DA:43,16
DA:44,16
DA:45,16
DA:46,16
DA:47,16
DA:48,16
DA:49,16
DA:50,16
DA:51,16
DA:52,16
DA:53,16
DA:54,16
DA:55,16
DA:56,16
DA:57,23
DA:58,23
DA:59,23
DA:60,22
DA:61,22
DA:62,22
DA:63,5
DA:64,5
DA:65,4
DA:66,4
DA:67,5
DA:68,5
DA:69,1
DA:70,1
DA:71,5
DA:72,5
DA:73,1
DA:74,1
DA:75,5
DA:76,5
DA:77,2
DA:78,2
DA:79,5
DA:80,5
DA:81,2
DA:82,2
DA:83,10
DA:84,10
DA:85,10
DA:86,10
DA:87,10
DA:88,10
DA:89,3
DA:90,3
DA:91,3
DA:92,3
DA:93,10
DA:94,10
DA:95,5
DA:96,5
DA:97,2
DA:98,2
DA:99,2
DA:100,5
DA:101,5
DA:102,3
DA:103,3
DA:104,3
DA:105,3
DA:106,3
DA:107,1
DA:108,1
DA:109,1
DA:110,3
DA:111,3
DA:112,3
DA:113,5
DA:114,5
DA:115,4
DA:116,4
DA:117,4
DA:118,4
DA:119,5
DA:120,5
DA:121,3
DA:122,3
DA:123,5
DA:124,5
DA:125,1
DA:126,1
DA:127,4
DA:128,4
DA:129,4
DA:130,4
DA:131,2
DA:132,2
DA:133,1
DA:134,1
DA:135,4
DA:136,4
LH:136
LF:136
end_of_record
SF:.test-dist/src/fields/registry.js
FN:17,getFieldComponent
FN:27,RenderField
FNDA:13,getFieldComponent
FNDA:4,RenderField
FNF:2
FNH:2
BRDA:1,0,0,5
BRDA:17,1,0,13
BRDA:27,2,0,4
BRDA:28,3,0,1
BRF:4
BRH:4
DA:1,5
DA:2,5
DA:3,5
DA:4,5
DA:5,5
DA:6,5
DA:7,5
DA:8,5
DA:9,5
DA:10,5
DA:11,5
DA:12,5
DA:13,5
DA:14,5
DA:15,5
DA:16,5
DA:17,5
DA:18,13
DA:19,13
DA:20,5
DA:21,5
DA:22,5
DA:23,5
DA:24,5
DA:25,5
DA:26,5
DA:27,5
DA:28,4
DA:29,1
DA:30,1
DA:31,1
DA:32,1
DA:33,4
LH:33
LF:33
end_of_record
SF:.test-dist/src/form/index.js
FNF:0
FNH:0
BRDA:1,0,0,3
BRF:1
BRH:1
DA:1,3
DA:2,3
DA:3,3
DA:4,3
LH:4
LF:4
end_of_record
SF:.test-dist/src/form/schema-tree.js
FN:5,collectTreeFields
FN:6,anonymous_1
FN:17,anonymous_2
FN:19,anonymous_3
FN:24,anonymous_4
FN:29,shouldValidateTreeField
FN:41,relevantTreeFields
FN:42,anonymous_7
FN:44,treeFieldErrors
FN:53,anonymous_9
FN:58,treeFieldIssues
FN:59,anonymous_11
FN:61,anonymous_12
FN:67,applySuccessfulResults
FN:68,anonymous_14
FN:71,submitVerikitSchemaTreeForm
FN:73,anonymous_16
FN:78,anonymous_17
FN:87,anonymous_18
FN:91,anonymous_19
FN:108,inferAndValidateSchemaTree
FN:115,submitVerikitSchemaTreeActionForm
FNDA:67,collectTreeFields
FNDA:121,anonymous_1
FNDA:14,anonymous_2
FNDA:14,anonymous_3
FNDA:8,anonymous_4
FNDA:64,shouldValidateTreeField
FNDA:12,relevantTreeFields
FNDA:64,anonymous_7
FNDA:32,treeFieldErrors
FNDA:16,anonymous_9
FNDA:5,treeFieldIssues
FNDA:32,anonymous_11
FNDA:16,anonymous_12
FNDA:18,applySuccessfulResults
FNDA:84,anonymous_14
FNDA:12,submitVerikitSchemaTreeForm
FNDA:63,anonymous_16
FNDA:63,anonymous_17
FNDA:53,anonymous_18
FNDA:42,anonymous_19
FNDA:2,inferAndValidateSchemaTree
FNDA:3,submitVerikitSchemaTreeActionForm
FNF:22
FNH:22
BRDA:1,0,0,3
BRDA:5,1,0,67
BRDA:6,2,0,121
BRDA:8,3,0,64
BRDA:10,4,0,7
BRDA:11,5,0,14
BRDA:13,6,0,12
BRDA:14,7,0,19
BRDA:16,8,0,7
BRDA:18,9,0,7
BRDA:20,10,0,10
BRDA:23,11,0,8
BRDA:23,12,0,2
BRDA:17,13,0,14
BRDA:19,14,0,14
BRDA:24,15,0,8
BRDA:29,16,0,64
BRDA:37,17,0,48
BRDA:38,18,0,16
BRDA:41,19,0,12
BRDA:42,20,0,64
BRDA:44,21,0,5
BRDA:46,22,0,32
BRDA:47,23,0,16
BRDA:52,24,0,15
BRDA:53,25,0,16
BRDA:58,26,0,5
BRDA:59,27,0,32
BRDA:60,28,0,16
BRDA:61,29,0,16
BRDA:61,30,0,16
BRDA:67,31,0,18
BRDA:68,32,0,84
BRDA:71,33,0,12
BRDA:78,34,0,1
BRDA:85,35,0,11
BRDA:91,36,0,4
BRDA:98,37,0,7
BRDA:103,38,0,2
BRDA:103,39,0,7
BRDA:73,40,0,63
BRDA:78,41,0,63
BRDA:87,42,0,53
BRDA:91,43,0,42
BRDA:108,44,0,2
BRDA:111,45,0,1
BRDA:112,46,0,1
BRDA:115,47,0,3
BRDA:120,48,0,2
BRDA:121,49,0,2
BRDA:122,50,0,1
BRF:51
BRH:51
DA:1,3
DA:2,3
DA:3,3
DA:4,3
DA:5,67
DA:6,67
DA:7,121
DA:8,121
DA:9,64
DA:10,121
DA:11,121
DA:12,14
DA:13,121
DA:14,121
DA:15,19
DA:16,121
DA:17,7
DA:18,121
DA:19,7
DA:20,121
DA:21,10
DA:22,10
DA:23,10
DA:24,10
DA:25,10
DA:26,121
DA:27,67
DA:28,67
DA:29,64
DA:30,64
DA:31,64
DA:32,64
DA:33,64
DA:34,64
DA:35,64
DA:36,64
DA:37,64
DA:38,64
DA:39,64
DA:40,64
DA:41,12
DA:42,12
DA:43,12
DA:44,5
DA:45,5
DA:46,5
DA:47,32
DA:48,16
DA:49,16
DA:50,16
DA:51,16
DA:52,32
DA:53,32
DA:54,32
DA:55,32
DA:56,5
DA:57,5
DA:58,5
DA:59,5
DA:60,32
DA:61,32
DA:62,16
DA:63,16
DA:64,5
DA:65,5
DA:66,3
DA:67,18
DA:68,18
DA:69,18
DA:70,3
DA:71,3
DA:72,12
DA:73,12
DA:74,63
DA:75,63
DA:76,63
DA:77,12
DA:78,12
DA:79,1
DA:80,1
DA:81,1
DA:82,1
DA:83,1
DA:84,1
DA:85,1
DA:86,11
DA:87,11
DA:88,53
DA:89,53
DA:90,11
DA:91,12
DA:92,4
DA:93,4
DA:94,4
DA:95,4
DA:96,4
DA:97,4
DA:98,4
DA:99,7
DA:100,7
DA:101,7
DA:102,7
DA:103,12
DA:104,7
DA:105,7
DA:106,12
DA:107,3
DA:108,3
DA:109,2
DA:110,2
DA:111,2
DA:112,2
DA:113,2
DA:114,3
DA:115,3
DA:116,3
DA:117,3
DA:118,3
DA:119,3
DA:120,3
DA:121,3
DA:122,3
DA:123,3
DA:124,3
LH:124
LF:124
end_of_record
SF:.test-dist/src/form/submission.js
FN:4,validationIssuesToFieldErrors
FN:16,firstFieldError
FN:20,firstFieldErrors
FN:21,anonymous_3
FN:24,omitFieldError
FN:29,inferAndValidateResource
FN:37,submitVerikitResourceForm
FN:64,submitVerikitActionForm
FN:67,anonymous_8
FNDA:11,validationIssuesToFieldErrors
FNDA:6,firstFieldError
FNDA:8,firstFieldErrors
FNDA:3,anonymous_3
FNDA:2,omitFieldError
FNDA:2,inferAndValidateResource
FNDA:6,submitVerikitResourceForm
FNDA:7,submitVerikitActionForm
FNDA:12,anonymous_8
FNF:9
FNH:9
BRDA:1,0,0,3
BRDA:4,1,0,7
BRDA:6,2,0,11
BRDA:8,3,0,2
BRDA:9,4,0,10
BRDA:10,5,0,1
BRDA:11,6,0,10
BRDA:16,7,0,6
BRDA:17,8,0,1
BRDA:20,9,0,8
BRDA:21,10,0,3
BRDA:24,11,0,2
BRDA:29,12,0,2
BRDA:31,13,0,1
BRDA:37,14,0,6
BRDA:39,15,0,1
BRDA:46,16,0,5
BRDA:48,17,0,1
BRDA:55,18,0,4
BRDA:59,19,0,3
BRDA:59,20,0,4
BRDA:64,21,0,7
BRDA:67,22,0,6
BRDA:71,23,0,1
BRDA:73,24,0,1
BRDA:80,25,0,6
BRDA:87,26,0,3
BRDA:88,27,0,3
BRDA:89,28,0,3
BRDA:67,29,0,12
BRF:30
BRH:30
DA:1,3
DA:2,3
DA:3,3
DA:4,3
DA:5,7
DA:6,7
DA:7,11
DA:8,11
DA:9,11
DA:10,11
DA:11,11
DA:12,11
DA:13,7
DA:14,7
DA:15,3
DA:16,3
DA:17,6
DA:18,6
DA:19,3
DA:20,3
DA:21,8
DA:22,8
DA:23,3
DA:24,3
DA:25,2
DA:26,2
DA:27,2
DA:28,3
DA:29,3
DA:30,2
DA:31,2
DA:32,1
DA:33,1
DA:34,1
DA:35,2
DA:36,3
DA:37,3
DA:38,6
DA:39,6
DA:40,1
DA:41,1
DA:42,1
DA:43,1
DA:44,1
DA:45,1
DA:46,1
DA:47,5
DA:48,6
DA:49,1
DA:50,1
DA:51,1
DA:52,1
DA:53,1
DA:54,1
DA:55,1
DA:56,4
DA:57,4
DA:58,4
DA:59,6
DA:60,4
DA:61,4
DA:62,6
DA:63,3
DA:64,3
DA:65,7
DA:66,7
DA:67,7
DA:68,12
DA:69,12
DA:70,6
DA:71,7
DA:72,7
DA:73,7
DA:74,1
DA:75,1
DA:76,1
DA:77,1
DA:78,1
DA:79,1
DA:80,1
DA:81,6
DA:82,6
DA:83,6
DA:84,6
DA:85,6
DA:86,6
DA:87,7
DA:88,7
DA:89,7
DA:90,7
DA:91,7
LH:91
LF:91
end_of_record
SF:.test-dist/src/form/use-verikit-form.js
FN:5,isResource
FN:8,isResourceSchema
FN:12,resolveVerikitFields
FN:22,useVerikitForm
FN:23,anonymous_4
FN:27,onSubmit
FN:31,anonymous_6
FN:40,anonymous_7
FN:48,anonymous_8
FN:49,anonymous_9
FN:59,onBlur
FN:62,onValueChange
FN:68,anonymous_12
FN:77,clearFieldErrors
FNDA:10,isResource
FNDA:3,isResourceSchema
FNDA:4,resolveVerikitFields
FNDA:1,useVerikitForm
FNDA:1,anonymous_4
FNDA:1,onSubmit
FNDA:2,anonymous_6
FNDA:1,anonymous_7
FNDA:3,anonymous_8
FNDA:3,anonymous_9
FNDA:1,onBlur
FNDA:1,onValueChange
FNDA:0,anonymous_12
FNDA:1,clearFieldErrors
FNF:14
FNH:13
BRDA:1,0,0,3
BRDA:5,1,0,10
BRDA:8,2,0,3
BRDA:12,3,0,4
BRDA:13,4,0,1
BRDA:15,5,0,3
BRDA:16,6,0,1
BRDA:18,7,0,2
BRDA:22,8,0,1
BRDA:23,9,0,1
BRDA:27,10,0,1
BRDA:31,11,0,2
BRDA:40,12,0,1
BRDA:48,13,0,3
BRDA:49,14,0,3
BRDA:51,15,0,1
BRDA:53,16,0,2
BRDA:59,17,0,1
BRDA:62,18,0,1
BRDA:77,19,0,1
BRF:20
BRH:20
DA:1,3
DA:2,3
DA:3,3
DA:4,3
DA:5,3
DA:6,10
DA:7,10
DA:8,3
DA:9,3
DA:10,3
DA:11,3
DA:12,3
DA:13,4
DA:14,1
DA:15,1
DA:16,4
DA:17,1
DA:18,1
DA:19,2
DA:20,4
DA:21,3
DA:22,3
DA:23,1
DA:24,1
DA:25,1
DA:26,1
DA:27,1
DA:28,1
DA:29,1
DA:30,1
DA:31,1
DA:32,2
DA:33,2
DA:34,2
DA:35,2
DA:36,2
DA:37,2
DA:38,2
DA:39,1
DA:40,1
DA:41,1
DA:42,1
DA:43,1
DA:44,1
DA:45,1
DA:46,1
DA:47,1
DA:48,1
DA:49,1
DA:50,3
DA:51,3
DA:52,1
DA:53,1
DA:54,2
DA:55,2
DA:56,2
DA:57,2
DA:58,2
DA:59,2
DA:60,1
DA:61,2
DA:62,2
DA:63,1
DA:64,1
DA:65,1
DA:66,1
DA:67,1
DA:68,1
DA:69,2
DA:70,2
DA:71,1
DA:72,1
DA:73,1
DA:74,1
DA:75,1
DA:76,1
DA:77,1
DA:78,1
DA:79,1
DA:80,1
DA:81,1
DA:82,1
DA:83,1
LH:83
LF:83
end_of_record
SF:.test-dist/src/form/use-verikit-schema-tree-form.js
FN:7,resolveVerikitTree
FN:11,useVerikitSchemaTreeForm
FN:12,anonymous_2
FN:22,onSubmit
FN:26,anonymous_4
FN:35,anonymous_5
FN:40,anonymous_6
FN:41,anonymous_7
FN:48,anonymous_8
FN:50,anonymous_9
FN:53,anonymous_10
FN:54,anonymous_11
FN:56,anonymous_12
FN:57,anonymous_13
FN:58,anonymous_14
FN:64,anonymous_15
FN:76,anonymous_16
FN:82,clearFieldErrors
FNDA:6,resolveVerikitTree
FNDA:6,useVerikitSchemaTreeForm
FNDA:6,anonymous_2
FNDA:1,onSubmit
FNDA:2,anonymous_4
FNDA:1,anonymous_5
FNDA:1,anonymous_6
FNDA:1,anonymous_7
FNDA:0,anonymous_8
FNDA:1,anonymous_9
FNDA:2,anonymous_10
FNDA:2,anonymous_11
FNDA:3,anonymous_12
FNDA:3,anonymous_13
FNDA:5,anonymous_14
FNDA:5,anonymous_15
FNDA:6,anonymous_16
FNDA:1,clearFieldErrors
FNF:18
FNH:17
BRDA:1,0,0,3
BRDA:7,1,0,6
BRDA:8,2,0,5
BRDA:8,3,0,1
BRDA:11,4,0,6
BRDA:12,5,0,6
BRDA:22,6,0,1
BRDA:26,7,0,2
BRDA:35,8,0,1
BRDA:40,9,0,1
BRDA:41,10,0,1
BRDA:50,11,0,1
BRDA:53,12,0,2
BRDA:54,13,0,2
BRDA:54,14,0,1
BRDA:54,15,0,1
BRDA:56,16,0,3
BRDA:62,17,0,1
BRDA:57,18,0,3
BRDA:58,19,0,2
BRDA:59,20,0,1
BRDA:58,21,0,5
BRDA:64,22,0,5
BRDA:67,23,0,1
BRDA:71,24,0,3
BRDA:76,25,0,6
BRDA:82,26,0,1
BRF:27
BRH:27
DA:1,3
DA:2,3
DA:3,3
DA:4,3
DA:5,3
DA:6,3
DA:7,6
DA:8,6
DA:9,6
DA:10,3
DA:11,3
DA:12,6
DA:13,6
DA:14,6
DA:15,6
DA:16,6
DA:17,6
DA:18,6
DA:19,6
DA:20,6
DA:21,6
DA:22,6
DA:23,1
DA:24,6
DA:25,6
DA:26,6
DA:27,2
DA:28,2
DA:29,2
DA:30,2
DA:31,2
DA:32,2
DA:33,2
DA:34,6
DA:35,6
DA:36,1
DA:37,1
DA:38,1
DA:39,6
DA:40,6
DA:41,6
DA:42,1
DA:43,1
DA:44,1
DA:45,1
DA:46,1
DA:47,1
DA:48,1
DA:49,6
DA:50,6
DA:51,1
DA:52,6
DA:53,6
DA:54,2
DA:55,6
DA:56,6
DA:57,3
DA:58,3
DA:59,3
DA:60,3
DA:61,3
DA:62,3
DA:63,6
DA:64,6
DA:65,5
DA:66,5
DA:67,5
DA:68,1
DA:69,1
DA:70,1
DA:71,5
DA:72,3
DA:73,3
DA:74,5
DA:75,6
DA:76,6
DA:77,6
DA:78,6
DA:79,6
DA:80,6
DA:81,6
DA:82,6
DA:83,6
DA:84,6
DA:85,6
DA:86,6
DA:87,6
DA:88,6
DA:89,6
DA:90,6
DA:91,6
DA:92,6
DA:93,6
DA:94,6
DA:95,6
DA:96,6
DA:97,6
LH:97
LF:97
end_of_record
SF:.test-dist/src/index.js
FNF:0
FNH:0
BRDA:1,0,0,3
BRF:1
BRH:1
DA:1,3
DA:2,3
DA:3,3
DA:4,3
DA:5,3
LH:5
LF:5
end_of_record
SF:.test-dist/src/layout/index.js
FNF:0
FNH:0
BRDA:1,0,0,4
BRF:1
BRH:1
DA:1,4
DA:2,4
LH:2
LF:2
end_of_record
SF:.test-dist/src/layout/path.js
FN:2,getValueAtPath
FN:3,anonymous_1
FN:16,hasValueAtPath
FN:30,pathKey
FN:34,setValueAtPath
FNDA:206,getValueAtPath
FNDA:243,anonymous_1
FNDA:71,hasValueAtPath
FNDA:36,pathKey
FNDA:222,setValueAtPath
FNF:5
FNH:5
BRDA:1,0,0,4
BRDA:2,1,0,206
BRDA:3,2,0,243
BRDA:4,3,0,24
BRDA:4,4,0,3
BRDA:6,5,0,22
BRDA:16,6,0,71
BRDA:17,7,0,1
BRDA:19,8,0,6
BRDA:22,9,0,5
BRDA:22,10,0,2
BRDA:24,11,0,4
BRDA:26,12,0,2
BRDA:27,13,0,2
BRDA:30,14,0,36
BRDA:34,15,0,222
BRDA:35,16,0,87
BRDA:37,17,0,135
BRDA:40,18,0,24
BRDA:43,19,0,111
BRDA:41,20,0,1
BRDA:42,21,0,1
BRDA:43,22,0,3
BRDA:44,23,0,3
BRDA:45,24,0,2
BRF:25
BRH:25
DA:1,4
DA:2,4
DA:3,206
DA:4,243
DA:5,3
DA:6,3
DA:7,22
DA:8,206
DA:9,206
DA:10,4
DA:11,4
DA:12,4
DA:13,4
DA:14,4
DA:15,4
DA:16,4
DA:17,71
DA:18,1
DA:19,1
DA:20,6
DA:21,6
DA:22,71
DA:23,2
DA:24,2
DA:25,4
DA:26,71
DA:27,71
DA:28,71
DA:29,4
DA:30,4
DA:31,36
DA:32,36
DA:33,4
DA:34,4
DA:35,222
DA:36,87
DA:37,87
DA:38,135
DA:39,135
DA:40,222
DA:41,24
DA:42,24
DA:43,222
DA:44,111
DA:45,222
DA:46,222
DA:47,222
DA:48,222
LH:48
LF:48
end_of_record
SF:.test-dist/src/layout/render-schema-node.js
FN:6,actionSchemaFor
FN:13,actionInputNodes
FN:24,schemaNodeKey
FN:29,clampIndex
FN:35,schemaRenderProps
FN:39,renderFieldNode
FN:43,renderSectionNode
FN:46,renderGridNode
FN:49,renderTabsNode
FN:54,renderWizardNode
FN:69,renderRepeaterNode
FN:75,renderActionNode
FN:82,RenderSchemaNode
FN:105,RenderSchemaTree
FN:16,anonymous_14
FN:41,onValueChange
FN:41,onBlur
FN:52,anonymous_17
FN:52,onClick
FN:58,anonymous_19
FN:58,onClick
FN:58,onClick
FN:73,anonymous_22
FN:73,onClick
FN:73,onClick
FN:79,onClick
FN:106,anonymous_26
FNDA:10,actionSchemaFor
FNDA:5,actionInputNodes
FNDA:6,schemaNodeKey
FNDA:6,clampIndex
FNDA:16,schemaRenderProps
FNDA:4,renderFieldNode
FNDA:2,renderSectionNode
FNDA:1,renderGridNode
FNDA:3,renderTabsNode
FNDA:3,renderWizardNode
FNDA:4,renderRepeaterNode
FNDA:5,renderActionNode
FNDA:24,RenderSchemaNode
FNDA:3,RenderSchemaTree
FNDA:2,anonymous_14
FNDA:1,onValueChange
FNDA:1,onBlur
FNDA:3,anonymous_17
FNDA:1,onClick
FNDA:4,anonymous_19
FNDA:1,onClick
FNDA:1,onClick
FNDA:6,anonymous_22
FNDA:1,onClick
FNDA:1,onClick
FNDA:1,onClick
FNDA:6,anonymous_26
FNF:27
FNH:27
BRDA:1,0,0,4
BRDA:6,1,0,10
BRDA:7,2,0,6
BRDA:8,3,0,4
BRDA:10,4,0,6
BRDA:11,5,0,4
BRDA:11,6,0,2
BRDA:13,7,0,5
BRDA:15,8,0,3
BRDA:15,9,0,2
BRDA:21,10,0,3
BRDA:24,11,0,6
BRDA:25,12,0,3
BRDA:26,13,0,3
BRDA:27,14,0,3
BRDA:29,15,0,6
BRDA:30,16,0,2
BRDA:32,17,0,4
BRDA:35,18,0,16
BRDA:39,19,0,4
BRDA:41,20,0,1
BRDA:43,21,0,2
BRDA:46,22,0,1
BRDA:49,23,0,3
BRDA:50,24,0,1
BRDA:52,25,0,2
BRDA:52,26,0,1
BRDA:54,27,0,3
BRDA:56,28,0,1
BRDA:58,29,0,2
BRDA:58,30,0,1
BRDA:69,31,0,4
BRDA:72,32,0,3
BRDA:72,33,0,1
BRDA:75,34,0,5
BRDA:79,35,0,3
BRDA:79,36,0,2
BRDA:79,37,0,3
BRDA:79,38,0,2
BRDA:79,39,0,1
BRDA:82,40,0,24
BRDA:84,41,0,18
BRDA:86,42,0,4
BRDA:88,43,0,2
BRDA:89,44,0,1
BRDA:89,45,0,1
BRDA:90,46,0,2
BRDA:92,47,0,1
BRDA:94,48,0,3
BRDA:96,49,0,3
BRDA:98,50,0,4
BRDA:100,51,0,5
BRDA:105,52,0,3
BRDA:16,53,0,2
BRDA:41,54,0,1
BRDA:41,55,0,1
BRDA:52,56,0,3
BRDA:52,57,0,2
BRDA:52,58,0,1
BRDA:52,59,0,1
BRDA:58,60,0,4
BRDA:58,61,0,2
BRDA:58,62,0,2
BRDA:58,63,0,2
BRDA:58,64,0,1
BRDA:58,65,0,1
BRDA:73,66,0,6
BRDA:73,67,0,2
BRDA:73,68,0,4
BRDA:73,69,0,1
BRDA:73,70,0,1
BRDA:79,71,0,1
BRDA:106,72,0,6
BRF:73
BRH:73
DA:1,4
DA:2,4
DA:3,4
DA:4,4
DA:5,4
DA:6,10
DA:7,10
DA:8,10
DA:9,4
DA:10,4
DA:11,10
DA:12,10
DA:13,5
DA:14,5
DA:15,5
DA:16,2
DA:17,2
DA:18,2
DA:19,2
DA:20,2
DA:21,2
DA:22,3
DA:23,5
DA:24,6
DA:25,6
DA:26,6
DA:27,6
DA:28,6
DA:29,6
DA:30,6
DA:31,2
DA:32,2
DA:33,4
DA:34,6
DA:35,16
DA:36,16
DA:37,16
DA:38,16
DA:39,4
DA:40,4
DA:41,4
DA:42,4
DA:43,2
DA:44,2
DA:45,2
DA:46,1
DA:47,1
DA:48,1
DA:49,3
DA:50,3
DA:51,3
DA:52,3
DA:53,3
DA:54,3
DA:55,3
DA:56,3
DA:57,3
DA:58,3
DA:59,3
DA:60,4
DA:61,4
DA:62,4
DA:63,4
DA:64,4
DA:65,4
DA:66,4
DA:67,4
DA:68,4
DA:69,4
DA:70,4
DA:71,4
DA:72,4
DA:73,4
DA:74,4
DA:75,5
DA:76,5
DA:77,5
DA:78,5
DA:79,5
DA:80,5
DA:81,4
DA:82,4
DA:83,24
DA:84,24
DA:85,24
DA:86,24
DA:87,4
DA:88,24
DA:89,2
DA:90,24
DA:91,2
DA:92,24
DA:93,1
DA:94,24
DA:95,3
DA:96,24
DA:97,3
DA:98,24
DA:99,4
DA:100,24
DA:101,5
DA:102,24
DA:103,24
DA:104,4
DA:105,4
DA:106,3
DA:107,3
LH:107
LF:107
end_of_record
SF:.test-dist/src/lib/utils.js
FN:4,cn
FNDA:1,cn
FNF:1
FNH:1
BRDA:1,0,0,3
BRDA:4,1,0,1
BRF:2
BRH:2
DA:1,3
DA:2,3
DA:3,3
DA:4,3
DA:5,1
DA:6,1
LH:6
LF:6
end_of_record
